<?xml version="1.0" encoding="UTF-8"?>
<testng-results skipped="0" failed="0" ignored="0" total="1" passed="1">
  <reporter-output>
  </reporter-output>
  <suite name="Default suite" duration-ms="2670" started-at="2018-05-15T04:24:37Z" finished-at="2018-05-15T04:24:40Z">
    <groups>
    </groups>
    <test name="Default test" duration-ms="2670" started-at="2018-05-15T04:24:37Z" finished-at="2018-05-15T04:24:40Z">
      <class name="jenkinsTest.TestOne">
        <test-method status="PASS" signature="firstJenkinTest()[pri:0, instance:jenkinsTest.TestOne@5c7fa833]" name="firstJenkinTest" duration-ms="2653" started-at="2018-05-15T00:24:37Z" finished-at="2018-05-15T00:24:40Z">
          <reporter-output>
          </reporter-output>
        </test-method> <!-- firstJenkinTest -->
      </class> <!-- jenkinsTest.TestOne -->
    </test> <!-- Default test -->
  </suite> <!-- Default suite -->
</testng-results>
